<?xml version="1.0" encoding="UTF-8"?>
<!-- Generated by org.testng.reporters.JUnitXMLReporter -->
<testsuite ignored="0" hostname="PHIOAKPC-4588" failures="1" tests="6" name="Test" time="110.069" errors="0" timestamp="2022-12-02T14:50:13 EST">
  <testcase classname="membershipCart_US.LifetimeProtection" name="LifeTimeProtectionMembership" time="2.298"/>
  <testcase classname="membershipCart_US.LifetimeProtection" name="PSquote" time="18.988"/>
  <testcase classname="membershipCart_US.LifetimeProtection" name="SummaryQuote" time="28.336"/>
  <testcase classname="membershipCart_US.AnnualProtection" name="AnnualMembership" time="1.645"/>
  <testcase classname="membershipCart_US.AnnualProtection" name="AnnualQuote" time="19.892"/>
  <testcase classname="membershipCart_US.AnnualProtection" name="SummaryQuote" time="25.476">
    <failure type="org.openqa.selenium.ElementClickInterceptedException" message="element click intercepted: Element &amp;lt;span class=&amp;quot;cmp-button__text&amp;quot;&amp;gt;...&amp;lt;/span&amp;gt; is not clickable at point (736, 9). Other element would receive the click: &amp;lt;div class=&amp;quot;aem-Grid aem-Grid--12 aem-Grid--default--12 aem-Grid--phone--12 &amp;quot;&amp;gt;...&amp;lt;/div&amp;gt;
  (Session info: MicrosoftEdge=107.0.1418.62)
Build info: version: &amp;apos;4.6.0&amp;apos;, revision: &amp;apos;79f1c02ae20&amp;apos;
System info: os.name: &amp;apos;Windows 10&amp;apos;, os.arch: &amp;apos;amd64&amp;apos;, os.version: &amp;apos;10.0&amp;apos;, java.version: &amp;apos;11.0.14&amp;apos;
Driver info: org.openqa.selenium.edge.EdgeDriver
Command: [a03d93508cb40346cd91119a578770e5, clickElement {id=0829f9f1-9b49-4b04-a17f-badfe167d1af}]
Capabilities {acceptInsecureCerts: false, browserName: msedge, browserVersion: 107.0.1418.62, ms:edgeOptions: {debuggerAddress: localhost:62060}, msedge: {msedgedriverVersion: 107.0.1418.35 (806ca5c53c4f..., userDataDir: C:\Users\TRIPTI~1.MEH\AppDa...}, networkConnectionEnabled: false, pageLoadStrategy: normal, platformName: WINDOWS, proxy: Proxy(), se:cdp: ws://localhost:62060/devtoo..., se:cdpVersion: 107.0.1418.62, setWindowRect: true, strictFileInteractability: false, timeouts: {implicit: 0, pageLoad: 300000, script: 30000}, unhandledPromptBehavior: dismiss and notify, webauthn:extension:credBlob: true, webauthn:extension:largeBlob: true, webauthn:virtualAuthenticators: true}
Element: [[EdgeDriver: msedge on WINDOWS (a03d93508cb40346cd91119a578770e5)] -&amp;gt; xpath: //span[normalize-space()=&amp;apos;Proceed to Payment&amp;apos;]]
Session ID: a03d93508cb40346cd91119a578770e5">
      <![CDATA[org.openqa.selenium.ElementClickInterceptedException: element click intercepted: Element <span class="cmp-button__text">...</span> is not clickable at point (736, 9). Other element would receive the click: <div class="aem-Grid aem-Grid--12 aem-Grid--default--12 aem-Grid--phone--12 ">...</div>
  (Session info: MicrosoftEdge=107.0.1418.62)
Build info: version: '4.6.0', revision: '79f1c02ae20'
System info: os.name: 'Windows 10', os.arch: 'amd64', os.version: '10.0', java.version: '11.0.14'
Driver info: org.openqa.selenium.edge.EdgeDriver
Command: [a03d93508cb40346cd91119a578770e5, clickElement {id=0829f9f1-9b49-4b04-a17f-badfe167d1af}]
Capabilities {acceptInsecureCerts: false, browserName: msedge, browserVersion: 107.0.1418.62, ms:edgeOptions: {debuggerAddress: localhost:62060}, msedge: {msedgedriverVersion: 107.0.1418.35 (806ca5c53c4f..., userDataDir: C:\Users\TRIPTI~1.MEH\AppDa...}, networkConnectionEnabled: false, pageLoadStrategy: normal, platformName: WINDOWS, proxy: Proxy(), se:cdp: ws://localhost:62060/devtoo..., se:cdpVersion: 107.0.1418.62, setWindowRect: true, strictFileInteractability: false, timeouts: {implicit: 0, pageLoad: 300000, script: 30000}, unhandledPromptBehavior: dismiss and notify, webauthn:extension:credBlob: true, webauthn:extension:largeBlob: true, webauthn:virtualAuthenticators: true}
Element: [[EdgeDriver: msedge on WINDOWS (a03d93508cb40346cd91119a578770e5)] -> xpath: //span[normalize-space()='Proceed to Payment']]
Session ID: a03d93508cb40346cd91119a578770e5
at org.openqa.selenium.remote.codec.w3c.W3CHttpResponseCodec.createException(W3CHttpResponseCodec.java:200)
at org.openqa.selenium.remote.codec.w3c.W3CHttpResponseCodec.decode(W3CHttpResponseCodec.java:133)
at org.openqa.selenium.remote.codec.w3c.W3CHttpResponseCodec.decode(W3CHttpResponseCodec.java:53)
at org.openqa.selenium.remote.HttpCommandExecutor.execute(HttpCommandExecutor.java:184)
at org.openqa.selenium.remote.service.DriverCommandExecutor.invokeExecute(DriverCommandExecutor.java:167)
at org.openqa.selenium.remote.service.DriverCommandExecutor.execute(DriverCommandExecutor.java:142)
at org.openqa.selenium.remote.RemoteWebDriver.execute(RemoteWebDriver.java:541)
at org.openqa.selenium.remote.RemoteWebElement.execute(RemoteWebElement.java:257)
at org.openqa.selenium.remote.RemoteWebElement.click(RemoteWebElement.java:78)
at membershipCart_US.AnnualProtection.SummaryQuote(AnnualProtection.java:141)
at java.base/java.util.ArrayList.forEach(ArrayList.java:1541)
... Removed 31 stack frames]]>
    </failure>
  </testcase> <!-- SummaryQuote -->
</testsuite> <!-- Test -->
